.
.
.
.
.
.
.
.
.
.
.
.
.
.
.
.
.
.
.
Traceback (most recent call last):
  File "hello_interpark.py", line 16, in <module>
    r = requests.get('http://ticket.interpark.com/Ticket/Goods/GoodsInfoJSON.asp?Flag=RemainSeat&GoodsCode=15001801&PlaceCode=14000312&PlaySeq='+i+'&Callback=fnPlaySeqChangeCallBack', headers=headers)
  File "/home/ec2-user/anaconda/lib/python2.7/site-packages/requests/api.py", line 68, in get
    return request('get', url, **kwargs)
  File "/home/ec2-user/anaconda/lib/python2.7/site-packages/requests/api.py", line 50, in request
    response = session.request(method=method, url=url, **kwargs)
  File "/home/ec2-user/anaconda/lib/python2.7/site-packages/requests/sessions.py", line 464, in request
    resp = self.send(prep, **send_kwargs)
  File "/home/ec2-user/anaconda/lib/python2.7/site-packages/requests/sessions.py", line 576, in send
    r = adapter.send(request, **kwargs)
  File "/home/ec2-user/anaconda/lib/python2.7/site-packages/requests/adapters.py", line 370, in send
    timeout=timeout
  File "/home/ec2-user/anaconda/lib/python2.7/site-packages/requests/packages/urllib3/connectionpool.py", line 544, in urlopen
    body=body, headers=headers)
  File "/home/ec2-user/anaconda/lib/python2.7/site-packages/requests/packages/urllib3/connectionpool.py", line 349, in _make_request
    conn.request(method, url, **httplib_request_kw)
  File "/home/ec2-user/anaconda/lib/python2.7/httplib.py", line 995, in request
    self._send_request(method, url, body, headers)
  File "/home/ec2-user/anaconda/lib/python2.7/httplib.py", line 1029, in _send_request
    self.endheaders(body)
  File "/home/ec2-user/anaconda/lib/python2.7/httplib.py", line 991, in endheaders
    self._send_output(message_body)
  File "/home/ec2-user/anaconda/lib/python2.7/httplib.py", line 844, in _send_output
    self.send(msg)
  File "/home/ec2-user/anaconda/lib/python2.7/httplib.py", line 806, in send
    self.connect()
  File "/home/ec2-user/anaconda/lib/python2.7/site-packages/requests/packages/urllib3/connection.py", line 155, in connect
    conn = self._new_conn()
  File "/home/ec2-user/anaconda/lib/python2.7/site-packages/requests/packages/urllib3/connection.py", line 134, in _new_conn
    (self.host, self.port), self.timeout, **extra_kw)
  File "/home/ec2-user/anaconda/lib/python2.7/site-packages/requests/packages/urllib3/util/connection.py", line 78, in create_connection
    sock.connect(sa)
  File "/home/ec2-user/anaconda/lib/python2.7/socket.py", line 224, in meth
    return getattr(self._sock,name)(*args)
KeyboardInterrupt
